  64 bit Processing ..\Include\Plugins\Beams.idl
  Beams.idl
  64 bit Processing C:\Program Files (x86)\Windows Kits\8.1\Include\um\oaidl.idl
  oaidl.idl
  64 bit Processing C:\Program Files (x86)\Windows Kits\8.1\Include\um\objidl.idl
  objidl.idl
  64 bit Processing C:\Program Files (x86)\Windows Kits\8.1\Include\um\unknwn.idl
  unknwn.idl
  64 bit Processing C:\Program Files (x86)\Windows Kits\8.1\Include\shared\wtypes.idl
  wtypes.idl
  64 bit Processing C:\Program Files (x86)\Windows Kits\8.1\Include\shared\wtypesbase.idl
  wtypesbase.idl
  64 bit Processing C:\Program Files (x86)\Windows Kits\8.1\Include\shared\basetsd.h
  basetsd.h
  64 bit Processing C:\Program Files (x86)\Windows Kits\8.1\Include\shared\guiddef.h
  guiddef.h
  64 bit Processing C:\Program Files (x86)\Windows Kits\8.1\Include\um\ocidl.idl
  ocidl.idl
  64 bit Processing C:\Program Files (x86)\Windows Kits\8.1\Include\um\oleidl.idl
  oleidl.idl
  64 bit Processing C:\Program Files (x86)\Windows Kits\8.1\Include\um\servprov.idl
  servprov.idl
  64 bit Processing C:\Program Files (x86)\Windows Kits\8.1\Include\um\urlmon.idl
  urlmon.idl
  64 bit Processing C:\Program Files (x86)\Windows Kits\8.1\Include\um\msxml.idl
  msxml.idl
  64 bit Processing \ARP\WBFL\Include\WBFLGeometry.idl
  WBFLGeometry.idl
  64 bit Processing \ARP\WBFL\Include\WBFLTypes.idl
  WBFLTypes.idl
  64 bit Processing \ARP\WBFL\Include\WBFLTools.idl
  WBFLTools.idl
  64 bit Processing \ARP\WBFL\Include\WBFLGenericBridgeTools.idl
  WBFLGenericBridgeTools.idl
  64 bit Processing \ARP\WBFL\Include\WBFLUnitServer.idl
  WBFLUnitServer.idl
  64 bit Processing \ARP\WBFL\Include\WBFLSections.idl
  WBFLSections.idl
  64 bit Processing \ARP\WBFL\Include\WBFLCogo.idl
  WBFLCogo.idl
  64 bit Processing \ARP\WBFL\Include\WBFLBridgeGeometry.idl
  WBFLBridgeGeometry.idl
  64 bit Processing C:\Program Files (x86)\Windows Kits\8.1\Include\um\oaidl.acf
  oaidl.acf
  64 bit Processing C:\Program Files (x86)\Windows Kits\8.1\Include\um\ocidl.acf
  ocidl.acf
